[
  {
    "Plan": {
      "Node Type": "Limit",
      "Parallel Aware": false,
      "Async Capable": false,
      "Startup Cost": 120370.94,
      "Total Cost": 120370.96,
      "Plan Rows": 10,
      "Plan Width": 157,
      "Actual Startup Time": 1834.455,
      "Actual Total Time": 1847.082,
      "Actual Rows": 10.00,
      "Actual Loops": 1,
      "Disabled": false,
      "Shared Hit Blocks": 14003,
      "Shared Read Blocks": 62824,
      "Shared Dirtied Blocks": 1,
      "Shared Written Blocks": 0,
      "Local Hit Blocks": 0,
      "Local Read Blocks": 0,
      "Local Dirtied Blocks": 0,
      "Local Written Blocks": 0,
      "Temp Read Blocks": 0,
      "Temp Written Blocks": 0,
      "Plans": [
        {
          "Node Type": "Sort",
          "Parent Relationship": "Outer",
          "Parallel Aware": false,
          "Async Capable": false,
          "Startup Cost": 120370.94,
          "Total Cost": 120372.07,
          "Plan Rows": 452,
          "Plan Width": 157,
          "Actual Startup Time": 1782.452,
          "Actual Total Time": 1795.079,
          "Actual Rows": 10.00,
          "Actual Loops": 1,
          "Disabled": false,
          "Sort Key": ["(row_number() OVER w1)"],
          "Sort Method": "top-N heapsort",
          "Sort Space Used": 26,
          "Sort Space Type": "Memory",
          "Shared Hit Blocks": 14003,
          "Shared Read Blocks": 62824,
          "Shared Dirtied Blocks": 1,
          "Shared Written Blocks": 0,
          "Local Hit Blocks": 0,
          "Local Read Blocks": 0,
          "Local Dirtied Blocks": 0,
          "Local Written Blocks": 0,
          "Temp Read Blocks": 0,
          "Temp Written Blocks": 0,
          "Plans": [
            {
              "Node Type": "WindowAgg",
              "Parent Relationship": "Outer",
              "Parallel Aware": false,
              "Async Capable": false,
              "Startup Cost": 120353.28,
              "Total Cost": 120361.17,
              "Plan Rows": 452,
              "Plan Width": 157,
              "Actual Startup Time": 1782.187,
              "Actual Total Time": 1794.961,
              "Actual Rows": 452.00,
              "Actual Loops": 1,
              "Disabled": false,
              "Window": "w1 AS (ORDER BY (sum(sales.quantity)) ROWS UNBOUNDED PRECEDING)",
              "Storage": "Memory",
              "Maximum Storage": 17,
              "Shared Hit Blocks": 14000,
              "Shared Read Blocks": 62824,
              "Shared Dirtied Blocks": 1,
              "Shared Written Blocks": 0,
              "Local Hit Blocks": 0,
              "Local Read Blocks": 0,
              "Local Dirtied Blocks": 0,
              "Local Written Blocks": 0,
              "Temp Read Blocks": 0,
              "Temp Written Blocks": 0,
              "Plans": [
                {
                  "Node Type": "Sort",
                  "Parent Relationship": "Outer",
                  "Parallel Aware": false,
                  "Async Capable": false,
                  "Startup Cost": 120353.26,
                  "Total Cost": 120354.39,
                  "Plan Rows": 452,
                  "Plan Width": 149,
                  "Actual Startup Time": 1782.178,
                  "Actual Total Time": 1794.823,
                  "Actual Rows": 452.00,
                  "Actual Loops": 1,
                  "Disabled": false,
                  "Sort Key": ["(sum(sales.quantity)) DESC"],
                  "Sort Method": "quicksort",
                  "Sort Space Used": 55,
                  "Sort Space Type": "Memory",
                  "Shared Hit Blocks": 14000,
                  "Shared Read Blocks": 62824,
                  "Shared Dirtied Blocks": 1,
                  "Shared Written Blocks": 0,
                  "Local Hit Blocks": 0,
                  "Local Read Blocks": 0,
                  "Local Dirtied Blocks": 0,
                  "Local Written Blocks": 0,
                  "Temp Read Blocks": 0,
                  "Temp Written Blocks": 0,
                  "Plans": [
                    {
                      "Node Type": "Hash Join",
                      "Parent Relationship": "Outer",
                      "Parallel Aware": false,
                      "Async Capable": false,
                      "Join Type": "Inner",
                      "Startup Cost": 120294.09,
                      "Total Cost": 120333.32,
                      "Plan Rows": 452,
                      "Plan Width": 149,
                      "Actual Startup Time": 1781.663,
                      "Actual Total Time": 1794.718,
                      "Actual Rows": 452.00,
                      "Actual Loops": 1,
                      "Disabled": false,
                      "Inner Unique": true,
                      "Hash Cond": "(sales.product_id = p.product_id)",
                      "Shared Hit Blocks": 14000,
                      "Shared Read Blocks": 62824,
                      "Shared Dirtied Blocks": 1,
                      "Shared Written Blocks": 0,
                      "Local Hit Blocks": 0,
                      "Local Read Blocks": 0,
                      "Local Dirtied Blocks": 0,
                      "Local Written Blocks": 0,
                      "Temp Read Blocks": 0,
                      "Temp Written Blocks": 0,
                      "Plans": [
                        {
                          "Node Type": "WindowAgg",
                          "Parent Relationship": "Outer",
                          "Parallel Aware": false,
                          "Async Capable": false,
                          "Startup Cost": 120277.92,
                          "Total Cost": 120311.44,
                          "Plan Rows": 452,
                          "Plan Width": 132,
                          "Actual Startup Time": 1780.718,
                          "Actual Total Time": 1793.693,
                          "Actual Rows": 452.00,
                          "Actual Loops": 1,
                          "Disabled": false,
                          "Window": "w1 AS (PARTITION BY p_1.category_id ORDER BY (sum(sales.quantity)) ROWS UNBOUNDED PRECEDING)",
                          "Storage": "Memory",
                          "Maximum Storage": 17,
                          "Shared Hit Blocks": 13999,
                          "Shared Read Blocks": 62819,
                          "Shared Dirtied Blocks": 1,
                          "Shared Written Blocks": 0,
                          "Local Hit Blocks": 0,
                          "Local Read Blocks": 0,
                          "Local Dirtied Blocks": 0,
                          "Local Written Blocks": 0,
                          "Temp Read Blocks": 0,
                          "Temp Written Blocks": 0,
                          "Plans": [
                            {
                              "Node Type": "Incremental Sort",
                              "Parent Relationship": "Outer",
                              "Parallel Aware": false,
                              "Async Capable": false,
                              "Startup Cost": 120277.84,
                              "Total Cost": 120303.53,
                              "Plan Rows": 452,
                              "Plan Width": 124,
                              "Actual Startup Time": 1780.711,
                              "Actual Total Time": 1793.517,
                              "Actual Rows": 452.00,
                              "Actual Loops": 1,
                              "Disabled": false,
                              "Sort Key": ["p_1.category_id", "(sum(sales.quantity)) DESC"],
                              "Presorted Key": ["p_1.category_id"],
                              "Full-sort Groups": {
                                "Group Count": 10,
                                "Sort Methods Used": ["quicksort"],
                                "Sort Space Memory": {
                                  "Average Sort Space Used": 27,
                                  "Peak Sort Space Used": 27
                                }
                              },
                              "Pre-sorted Groups": {
                                "Group Count": 2,
                                "Sort Methods Used": ["quicksort"],
                                "Sort Space Memory": {
                                  "Average Sort Space Used": 26,
                                  "Peak Sort Space Used": 26
                                }
                              },
                              "Shared Hit Blocks": 13999,
                              "Shared Read Blocks": 62819,
                              "Shared Dirtied Blocks": 1,
                              "Shared Written Blocks": 0,
                              "Local Hit Blocks": 0,
                              "Local Read Blocks": 0,
                              "Local Dirtied Blocks": 0,
                              "Local Written Blocks": 0,
                              "Temp Read Blocks": 0,
                              "Temp Written Blocks": 0,
                              "Plans": [
                                {
                                  "Node Type": "Merge Join",
                                  "Parent Relationship": "Outer",
                                  "Parallel Aware": false,
                                  "Async Capable": false,
                                  "Join Type": "Inner",
                                  "Startup Cost": 120275.86,
                                  "Total Cost": 120285.54,
                                  "Plan Rows": 452,
                                  "Plan Width": 124,
                                  "Actual Startup Time": 1780.680,
                                  "Actual Total Time": 1793.382,
                                  "Actual Rows": 452.00,
                                  "Actual Loops": 1,
                                  "Disabled": false,
                                  "Inner Unique": true,
                                  "Merge Cond": "(p_1.category_id = cat.category_id)",
                                  "Shared Hit Blocks": 13999,
                                  "Shared Read Blocks": 62819,
                                  "Shared Dirtied Blocks": 1,
                                  "Shared Written Blocks": 0,
                                  "Local Hit Blocks": 0,
                                  "Local Read Blocks": 0,
                                  "Local Dirtied Blocks": 0,
                                  "Local Written Blocks": 0,
                                  "Temp Read Blocks": 0,
                                  "Temp Written Blocks": 0,
                                  "Plans": [
                                    {
                                      "Node Type": "Sort",
                                      "Parent Relationship": "Outer",
                                      "Parallel Aware": false,
                                      "Async Capable": false,
                                      "Startup Cost": 120233.44,
                                      "Total Cost": 120234.57,
                                      "Plan Rows": 452,
                                      "Plan Width": 16,
                                      "Actual Startup Time": 1780.308,
                                      "Actual Total Time": 1792.953,
                                      "Actual Rows": 452.00,
                                      "Actual Loops": 1,
                                      "Disabled": false,
                                      "Sort Key": ["p_1.category_id"],
                                      "Sort Method": "quicksort",
                                      "Sort Space Used": 42,
                                      "Sort Space Type": "Memory",
                                      "Shared Hit Blocks": 13999,
                                      "Shared Read Blocks": 62818,
                                      "Shared Dirtied Blocks": 1,
                                      "Shared Written Blocks": 0,
                                      "Local Hit Blocks": 0,
                                      "Local Read Blocks": 0,
                                      "Local Dirtied Blocks": 0,
                                      "Local Written Blocks": 0,
                                      "Temp Read Blocks": 0,
                                      "Temp Written Blocks": 0,
                                      "Plans": [
                                        {
                                          "Node Type": "Hash Join",
                                          "Parent Relationship": "Outer",
                                          "Parallel Aware": false,
                                          "Async Capable": false,
                                          "Join Type": "Inner",
                                          "Startup Cost": 120076.00,
                                          "Total Cost": 120213.51,
                                          "Plan Rows": 452,
                                          "Plan Width": 16,
                                          "Actual Startup Time": 1779.845,
                                          "Actual Total Time": 1792.872,
                                          "Actual Rows": 452.00,
                                          "Actual Loops": 1,
                                          "Disabled": false,
                                          "Inner Unique": true,
                                          "Hash Cond": "(sales.product_id = p_1.product_id)",
                                          "Shared Hit Blocks": 13999,
                                          "Shared Read Blocks": 62818,
                                          "Shared Dirtied Blocks": 1,
                                          "Shared Written Blocks": 0,
                                          "Local Hit Blocks": 0,
                                          "Local Read Blocks": 0,
                                          "Local Dirtied Blocks": 0,
                                          "Local Written Blocks": 0,
                                          "Temp Read Blocks": 0,
                                          "Temp Written Blocks": 0,
                                          "Plans": [
                                            {
                                              "Node Type": "Aggregate",
                                              "Strategy": "Sorted",
                                              "Partial Mode": "Finalize",
                                              "Parent Relationship": "Outer",
                                              "Parallel Aware": false,
                                              "Async Capable": false,
                                              "Startup Cost": 120059.83,
                                              "Total Cost": 120196.14,
                                              "Plan Rows": 452,
                                              "Plan Width": 12,
                                              "Actual Startup Time": 1779.729,
                                              "Actual Total Time": 1792.677,
                                              "Actual Rows": 452.00,
                                              "Actual Loops": 1,
                                              "Disabled": false,
                                              "Group Key": ["sales.product_id"],
                                              "Shared Hit Blocks": 13993,
                                              "Shared Read Blocks": 62818,
                                              "Shared Dirtied Blocks": 1,
                                              "Shared Written Blocks": 0,
                                              "Local Hit Blocks": 0,
                                              "Local Read Blocks": 0,
                                              "Local Dirtied Blocks": 0,
                                              "Local Written Blocks": 0,
                                              "Temp Read Blocks": 0,
                                              "Temp Written Blocks": 0,
                                              "Plans": [
                                                {
                                                  "Node Type": "Gather Merge",
                                                  "Parent Relationship": "Outer",
                                                  "Parallel Aware": false,
                                                  "Async Capable": false,
                                                  "Startup Cost": 120059.83,
                                                  "Total Cost": 120186.19,
                                                  "Plan Rows": 1085,
                                                  "Plan Width": 12,
                                                  "Actual Startup Time": 1779.715,
                                                  "Actual Total Time": 1792.521,
                                                  "Actual Rows": 1356.00,
                                                  "Actual Loops": 1,
                                                  "Disabled": false,
                                                  "Workers Planned": 2,
                                                  "Workers Launched": 2,
                                                  "Shared Hit Blocks": 13993,
                                                  "Shared Read Blocks": 62818,
                                                  "Shared Dirtied Blocks": 1,
                                                  "Shared Written Blocks": 0,
                                                  "Local Hit Blocks": 0,
                                                  "Local Read Blocks": 0,
                                                  "Local Dirtied Blocks": 0,
                                                  "Local Written Blocks": 0,
                                                  "Temp Read Blocks": 0,
                                                  "Temp Written Blocks": 0,
                                                  "Plans": [
                                                    {
                                                      "Node Type": "Sort",
                                                      "Parent Relationship": "Outer",
                                                      "Parallel Aware": false,
                                                      "Async Capable": false,
                                                      "Startup Cost": 119059.80,
                                                      "Total Cost": 119060.93,
                                                      "Plan Rows": 452,
                                                      "Plan Width": 12,
                                                      "Actual Startup Time": 1764.712,
                                                      "Actual Total Time": 1764.733,
                                                      "Actual Rows": 452.00,
                                                      "Actual Loops": 3,
                                                      "Disabled": false,
                                                      "Sort Key": ["sales.product_id"],
                                                      "Sort Method": "quicksort",
                                                      "Sort Space Used": 39,
                                                      "Sort Space Type": "Memory",
                                                      "Shared Hit Blocks": 13993,
                                                      "Shared Read Blocks": 62818,
                                                      "Shared Dirtied Blocks": 1,
                                                      "Shared Written Blocks": 0,
                                                      "Local Hit Blocks": 0,
                                                      "Local Read Blocks": 0,
                                                      "Local Dirtied Blocks": 0,
                                                      "Local Written Blocks": 0,
                                                      "Temp Read Blocks": 0,
                                                      "Temp Written Blocks": 0,
                                                      "Workers": [
                                                        {
                                                          "Worker Number": 0,
                                                          "Sort Method": "quicksort",
                                                          "Sort Space Used": 39,
                                                          "Sort Space Type": "Memory"
                                                        },
                                                        {
                                                          "Worker Number": 1,
                                                          "Sort Method": "quicksort",
                                                          "Sort Space Used": 39,
                                                          "Sort Space Type": "Memory"
                                                        }
                                                      ],
                                                      "Plans": [
                                                        {
                                                          "Node Type": "Aggregate",
                                                          "Strategy": "Hashed",
                                                          "Partial Mode": "Partial",
                                                          "Parent Relationship": "Outer",
                                                          "Parallel Aware": false,
                                                          "Async Capable": false,
                                                          "Startup Cost": 119035.35,
                                                          "Total Cost": 119039.87,
                                                          "Plan Rows": 452,
                                                          "Plan Width": 12,
                                                          "Actual Startup Time": 1764.578,
                                                          "Actual Total Time": 1764.620,
                                                          "Actual Rows": 452.00,
                                                          "Actual Loops": 3,
                                                          "Disabled": false,
                                                          "Group Key": ["sales.product_id"],
                                                          "Planned Partitions": 0,
                                                          "HashAgg Batches": 1,
                                                          "Peak Memory Usage": 72,
                                                          "Disk Usage": 0,
                                                          "Shared Hit Blocks": 13979,
                                                          "Shared Read Blocks": 62818,
                                                          "Shared Dirtied Blocks": 1,
                                                          "Shared Written Blocks": 0,
                                                          "Local Hit Blocks": 0,
                                                          "Local Read Blocks": 0,
                                                          "Local Dirtied Blocks": 0,
                                                          "Local Written Blocks": 0,
                                                          "Temp Read Blocks": 0,
                                                          "Temp Written Blocks": 0,
                                                          "Workers": [
                                                            {
                                                              "Worker Number": 0,
                                                              "HashAgg Batches": 1,
                                                              "Peak Memory Usage": 72,
                                                              "Disk Usage": 0
                                                            },
                                                            {
                                                              "Worker Number": 1,
                                                              "HashAgg Batches": 1,
                                                              "Peak Memory Usage": 72,
                                                              "Disk Usage": 0
                                                            }
                                                          ],
                                                          "Plans": [
                                                            {
                                                              "Node Type": "Seq Scan",
                                                              "Parent Relationship": "Outer",
                                                              "Parallel Aware": true,
                                                              "Async Capable": false,
                                                              "Relation Name": "sales",
                                                              "Alias": "sales",
                                                              "Startup Cost": 0.00,
                                                              "Total Cost": 104955.90,
                                                              "Plan Rows": 2815890,
                                                              "Plan Width": 8,
                                                              "Actual Startup Time": 0.361,
                                                              "Actual Total Time": 1353.623,
                                                              "Actual Rows": 2252703.00,
                                                              "Actual Loops": 3,
                                                              "Disabled": false,
                                                              "Shared Hit Blocks": 13979,
                                                              "Shared Read Blocks": 62818,
                                                              "Shared Dirtied Blocks": 1,
                                                              "Shared Written Blocks": 0,
                                                              "Local Hit Blocks": 0,
                                                              "Local Read Blocks": 0,
                                                              "Local Dirtied Blocks": 0,
                                                              "Local Written Blocks": 0,
                                                              "Temp Read Blocks": 0,
                                                              "Temp Written Blocks": 0,
                                                              "Workers": [
                                                              ]
                                                            }
                                                          ]
                                                        }
                                                      ]
                                                    }
                                                  ]
                                                }
                                              ]
                                            },
                                            {
                                              "Node Type": "Hash",
                                              "Parent Relationship": "Inner",
                                              "Parallel Aware": false,
                                              "Async Capable": false,
                                              "Startup Cost": 10.52,
                                              "Total Cost": 10.52,
                                              "Plan Rows": 452,
                                              "Plan Width": 8,
                                              "Actual Startup Time": 0.105,
                                              "Actual Total Time": 0.107,
                                              "Actual Rows": 452.00,
                                              "Actual Loops": 1,
                                              "Disabled": false,
                                              "Hash Buckets": 1024,
                                              "Original Hash Buckets": 1024,
                                              "Hash Batches": 1,
                                              "Original Hash Batches": 1,
                                              "Peak Memory Usage": 26,
                                              "Shared Hit Blocks": 6,
                                              "Shared Read Blocks": 0,
                                              "Shared Dirtied Blocks": 0,
                                              "Shared Written Blocks": 0,
                                              "Local Hit Blocks": 0,
                                              "Local Read Blocks": 0,
                                              "Local Dirtied Blocks": 0,
                                              "Local Written Blocks": 0,
                                              "Temp Read Blocks": 0,
                                              "Temp Written Blocks": 0,
                                              "Plans": [
                                                {
                                                  "Node Type": "Seq Scan",
                                                  "Parent Relationship": "Outer",
                                                  "Parallel Aware": false,
                                                  "Async Capable": false,
                                                  "Relation Name": "products",
                                                  "Alias": "p_1",
                                                  "Startup Cost": 0.00,
                                                  "Total Cost": 10.52,
                                                  "Plan Rows": 452,
                                                  "Plan Width": 8,
                                                  "Actual Startup Time": 0.013,
                                                  "Actual Total Time": 0.053,
                                                  "Actual Rows": 452.00,
                                                  "Actual Loops": 1,
                                                  "Disabled": false,
                                                  "Shared Hit Blocks": 6,
                                                  "Shared Read Blocks": 0,
                                                  "Shared Dirtied Blocks": 0,
                                                  "Shared Written Blocks": 0,
                                                  "Local Hit Blocks": 0,
                                                  "Local Read Blocks": 0,
                                                  "Local Dirtied Blocks": 0,
                                                  "Local Written Blocks": 0,
                                                  "Temp Read Blocks": 0,
                                                  "Temp Written Blocks": 0
                                                }
                                              ]
                                            }
                                          ]
                                        }
                                      ]
                                    },
                                    {
                                      "Node Type": "Sort",
                                      "Parent Relationship": "Inner",
                                      "Parallel Aware": false,
                                      "Async Capable": false,
                                      "Startup Cost": 42.42,
                                      "Total Cost": 43.87,
                                      "Plan Rows": 580,
                                      "Plan Width": 112,
                                      "Actual Startup Time": 0.359,
                                      "Actual Total Time": 0.360,
                                      "Actual Rows": 11.00,
                                      "Actual Loops": 1,
                                      "Disabled": false,
                                      "Sort Key": ["cat.category_id"],
                                      "Sort Method": "quicksort",
                                      "Sort Space Used": 25,
                                      "Sort Space Type": "Memory",
                                      "Shared Hit Blocks": 0,
                                      "Shared Read Blocks": 1,
                                      "Shared Dirtied Blocks": 0,
                                      "Shared Written Blocks": 0,
                                      "Local Hit Blocks": 0,
                                      "Local Read Blocks": 0,
                                      "Local Dirtied Blocks": 0,
                                      "Local Written Blocks": 0,
                                      "Temp Read Blocks": 0,
                                      "Temp Written Blocks": 0,
                                      "Plans": [
                                        {
                                          "Node Type": "Seq Scan",
                                          "Parent Relationship": "Outer",
                                          "Parallel Aware": false,
                                          "Async Capable": false,
                                          "Relation Name": "categories",
                                          "Alias": "cat",
                                          "Startup Cost": 0.00,
                                          "Total Cost": 15.80,
                                          "Plan Rows": 580,
                                          "Plan Width": 112,
                                          "Actual Startup Time": 0.348,
                                          "Actual Total Time": 0.349,
                                          "Actual Rows": 11.00,
                                          "Actual Loops": 1,
                                          "Disabled": false,
                                          "Shared Hit Blocks": 0,
                                          "Shared Read Blocks": 1,
                                          "Shared Dirtied Blocks": 0,
                                          "Shared Written Blocks": 0,
                                          "Local Hit Blocks": 0,
                                          "Local Read Blocks": 0,
                                          "Local Dirtied Blocks": 0,
                                          "Local Written Blocks": 0,
                                          "Temp Read Blocks": 0,
                                          "Temp Written Blocks": 0
                                        }
                                      ]
                                    }
                                  ]
                                }
                              ]
                            }
                          ]
                        },
                        {
                          "Node Type": "Hash",
                          "Parent Relationship": "Inner",
                          "Parallel Aware": false,
                          "Async Capable": false,
                          "Startup Cost": 10.52,
                          "Total Cost": 10.52,
                          "Plan Rows": 452,
                          "Plan Width": 25,
                          "Actual Startup Time": 0.931,
                          "Actual Total Time": 0.932,
                          "Actual Rows": 452.00,
                          "Actual Loops": 1,
                          "Disabled": false,
                          "Hash Buckets": 1024,
                          "Original Hash Buckets": 1024,
                          "Hash Batches": 1,
                          "Original Hash Batches": 1,
                          "Peak Memory Usage": 35,
                          "Shared Hit Blocks": 1,
                          "Shared Read Blocks": 5,
                          "Shared Dirtied Blocks": 0,
                          "Shared Written Blocks": 0,
                          "Local Hit Blocks": 0,
                          "Local Read Blocks": 0,
                          "Local Dirtied Blocks": 0,
                          "Local Written Blocks": 0,
                          "Temp Read Blocks": 0,
                          "Temp Written Blocks": 0,
                          "Plans": [
                            {
                              "Node Type": "Seq Scan",
                              "Parent Relationship": "Outer",
                              "Parallel Aware": false,
                              "Async Capable": false,
                              "Relation Name": "products",
                              "Alias": "p",
                              "Startup Cost": 0.00,
                              "Total Cost": 10.52,
                              "Plan Rows": 452,
                              "Plan Width": 25,
                              "Actual Startup Time": 0.391,
                              "Actual Total Time": 0.870,
                              "Actual Rows": 452.00,
                              "Actual Loops": 1,
                              "Disabled": false,
                              "Shared Hit Blocks": 1,
                              "Shared Read Blocks": 5,
                              "Shared Dirtied Blocks": 0,
                              "Shared Written Blocks": 0,
                              "Local Hit Blocks": 0,
                              "Local Read Blocks": 0,
                              "Local Dirtied Blocks": 0,
                              "Local Written Blocks": 0,
                              "Temp Read Blocks": 0,
                              "Temp Written Blocks": 0
                            }
                          ]
                        }
                      ]
                    }
                  ]
                }
              ]
            }
          ]
        }
      ]
    },
    "Planning": {
      "Shared Hit Blocks": 207,
      "Shared Read Blocks": 2,
      "Shared Dirtied Blocks": 0,
      "Shared Written Blocks": 0,
      "Local Hit Blocks": 0,
      "Local Read Blocks": 0,
      "Local Dirtied Blocks": 0,
      "Local Written Blocks": 0,
      "Temp Read Blocks": 0,
      "Temp Written Blocks": 0
    },
    "Planning Time": 1.184,
    "Triggers": [
    ],
    "JIT": {
      "Functions": 63,
      "Options": {
        "Inlining": false,
        "Optimization": false,
        "Expressions": true,
        "Deforming": true
      },
      "Timing": {
        "Generation": {
          "Deform": 1.078,
          "Total": 3.028
        },
        "Inlining": 0.000,
        "Optimization": 5.566,
        "Emission": 58.639,
        "Total": 67.233
      }
    },
    "Execution Time": 2098.926
  }
]